<?xml version="1.0" encoding="UTF-8"?>
<!-- Generated by org.testng.reporters.JUnitXMLReporter -->
<testsuite ignored="0" hostname="Sagar-Laptop" failures="3" tests="4" name="Command line test" time="45.749" errors="0" timestamp="2019-11-29T16:35:23 IST">
  <testcase classname="tests.HomePageTest" name="HomePage" time="0.025">
    <failure type="org.openqa.selenium.NoSuchElementException" message="no such element: Unable to locate element: {&amp;quot;method&amp;quot;:&amp;quot;css selector&amp;quot;,&amp;quot;selector&amp;quot;:&amp;quot;.gLFyf\ gsfi&amp;quot;}
  (Session info: chrome=78.0.3904.108)
For documentation on this error, please visit: http://seleniumhq.org/exceptions/no_such_element.html
Build info: version: &amp;apos;3.6.0&amp;apos;, revision: &amp;apos;6fbf3ec767&amp;apos;, time: &amp;apos;2017-09-27T15:28:36.4Z&amp;apos;
System info: host: &amp;apos;SAGAR-LAPTOP&amp;apos;, ip: &amp;apos;192.168.2.118&amp;apos;, os.name: &amp;apos;Windows 10&amp;apos;, os.arch: &amp;apos;amd64&amp;apos;, os.version: &amp;apos;10.0&amp;apos;, java.version: &amp;apos;13.0.1&amp;apos;
Driver info: org.openqa.selenium.chrome.ChromeDriver
Capabilities [{networkConnectionEnabled=false, chrome={chromedriverVersion=78.0.3904.105 (60e2d8774a8151efa6a00b1f358371b1e0e07ee2-refs/branch-heads/3904@{#877}), userDataDir=C:\Users\Sagar\AppData\Local\Temp\scoped_dir9884_476894611}, timeouts={implicit=0, pageLoad=300000, script=30000}, pageLoadStrategy=normal, unhandledPromptBehavior=dismiss and notify, strictFileInteractability=false, platform=XP, proxy=Proxy(), goog:chromeOptions={debuggerAddress=localhost:59511}, acceptInsecureCerts=false, browserVersion=78.0.3904.108, browserName=chrome, javascriptEnabled=true, platformName=XP, setWindowRect=true}]
Session ID: 6ebd60e94092b6698f5f1274a07b4a4f
*** Element info: {Using=class name, value=gLFyf gsfi}">
      <![CDATA[org.openqa.selenium.NoSuchElementException: no such element: Unable to locate element: {"method":"css selector","selector":".gLFyf\ gsfi"}
  (Session info: chrome=78.0.3904.108)
For documentation on this error, please visit: http://seleniumhq.org/exceptions/no_such_element.html
Build info: version: '3.6.0', revision: '6fbf3ec767', time: '2017-09-27T15:28:36.4Z'
System info: host: 'SAGAR-LAPTOP', ip: '192.168.2.118', os.name: 'Windows 10', os.arch: 'amd64', os.version: '10.0', java.version: '13.0.1'
Driver info: org.openqa.selenium.chrome.ChromeDriver
Capabilities [{networkConnectionEnabled=false, chrome={chromedriverVersion=78.0.3904.105 (60e2d8774a8151efa6a00b1f358371b1e0e07ee2-refs/branch-heads/3904@{#877}), userDataDir=C:\Users\Sagar\AppData\Local\Temp\scoped_dir9884_476894611}, timeouts={implicit=0, pageLoad=300000, script=30000}, pageLoadStrategy=normal, unhandledPromptBehavior=dismiss and notify, strictFileInteractability=false, platform=XP, proxy=Proxy(), goog:chromeOptions={debuggerAddress=localhost:59511}, acceptInsecureCerts=false, browserVersion=78.0.3904.108, browserName=chrome, javascriptEnabled=true, platformName=XP, setWindowRect=true}]
Session ID: 6ebd60e94092b6698f5f1274a07b4a4f
*** Element info: {Using=class name, value=gLFyf gsfi}
at org.openqa.selenium.remote.http.W3CHttpResponseCodec.createException(W3CHttpResponseCodec.java:185)
at org.openqa.selenium.remote.http.W3CHttpResponseCodec.decode(W3CHttpResponseCodec.java:120)
at org.openqa.selenium.remote.http.W3CHttpResponseCodec.decode(W3CHttpResponseCodec.java:49)
at org.openqa.selenium.remote.HttpCommandExecutor.execute(HttpCommandExecutor.java:164)
at org.openqa.selenium.remote.service.DriverCommandExecutor.execute(DriverCommandExecutor.java:83)
at org.openqa.selenium.remote.RemoteWebDriver.execute(RemoteWebDriver.java:586)
at org.openqa.selenium.remote.RemoteWebDriver.findElement(RemoteWebDriver.java:356)
at org.openqa.selenium.remote.RemoteWebDriver.findElementByClassName(RemoteWebDriver.java:442)
at org.openqa.selenium.By$ByClassName.findElement(By.java:391)
at org.openqa.selenium.remote.RemoteWebDriver.findElement(RemoteWebDriver.java:348)
at tests.HomePageTest.HomePage(HomePageTest.java:20)
at java.base/java.util.ArrayList.forEach(ArrayList.java:1507)
... Removed 42 stack frames]]>
    </failure>
  </testcase> <!-- HomePage -->
  <testcase classname="tests.TestBase" name="LaunchDriver" time="6.704"/>
  <testcase classname="tests.TestBase" name="LaunchDriver" time="15.69">
    <failure type="org.openqa.selenium.SessionNotCreatedException" message="session not created
from chrome not reachable
  (Session info: chrome=78.0.3904.108)
Build info: version: &amp;apos;3.6.0&amp;apos;, revision: &amp;apos;6fbf3ec767&amp;apos;, time: &amp;apos;2017-09-27T15:28:36.4Z&amp;apos;
System info: host: &amp;apos;SAGAR-LAPTOP&amp;apos;, ip: &amp;apos;192.168.2.118&amp;apos;, os.name: &amp;apos;Windows 10&amp;apos;, os.arch: &amp;apos;amd64&amp;apos;, os.version: &amp;apos;10.0&amp;apos;, java.version: &amp;apos;13.0.1&amp;apos;
Driver info: driver.version: ChromeDriver
remote stacktrace: Backtrace:
	Ordinal0 [0x0034A923+1550627]
	Ordinal0 [0x002CA731+1025841]
	Ordinal0 [0x0024C5BE+509374]
	Ordinal0 [0x002462F2+484082]
	Ordinal0 [0x002469CB+485835]
	Ordinal0 [0x00247B35+490293]
	Ordinal0 [0x00243AB5+473781]
	Ordinal0 [0x0024D360+512864]
	Ordinal0 [0x001FB649+177737]
	Ordinal0 [0x001FA8ED+174317]
	Ordinal0 [0x001F8CDB+167131]
	Ordinal0 [0x001E144A+70730]
	Ordinal0 [0x001E24D0+74960]
	Ordinal0 [0x001E2469+74857]
	Ordinal0 [0x002E42F7+1131255]
	GetHandleVerifier [0x003E711D+523789]
	GetHandleVerifier [0x003E6EB0+523168]
	GetHandleVerifier [0x003EE207+552695]
	GetHandleVerifier [0x003E791A+525834]
	Ordinal0 [0x002DB82C+1095724]
	Ordinal0 [0x002E636B+1139563]
	Ordinal0 [0x002E64D3+1139923]
	Ordinal0 [0x002E5455+1135701]
	BaseThreadInitThunk [0x75B36359+25]
	RtlGetAppContainerNamedObjectPath [0x76EE7B74+228]
	RtlGetAppContainerNamedObjectPath [0x76EE7B44+180]
">
      <![CDATA[org.openqa.selenium.SessionNotCreatedException: session not created
from chrome not reachable
  (Session info: chrome=78.0.3904.108)
Build info: version: '3.6.0', revision: '6fbf3ec767', time: '2017-09-27T15:28:36.4Z'
System info: host: 'SAGAR-LAPTOP', ip: '192.168.2.118', os.name: 'Windows 10', os.arch: 'amd64', os.version: '10.0', java.version: '13.0.1'
Driver info: driver.version: ChromeDriver
remote stacktrace: Backtrace:
Ordinal0 [0x0034A923+1550627]
Ordinal0 [0x002CA731+1025841]
Ordinal0 [0x0024C5BE+509374]
Ordinal0 [0x002462F2+484082]
Ordinal0 [0x002469CB+485835]
Ordinal0 [0x00247B35+490293]
Ordinal0 [0x00243AB5+473781]
Ordinal0 [0x0024D360+512864]
Ordinal0 [0x001FB649+177737]
Ordinal0 [0x001FA8ED+174317]
Ordinal0 [0x001F8CDB+167131]
Ordinal0 [0x001E144A+70730]
Ordinal0 [0x001E24D0+74960]
Ordinal0 [0x001E2469+74857]
Ordinal0 [0x002E42F7+1131255]
GetHandleVerifier [0x003E711D+523789]
GetHandleVerifier [0x003E6EB0+523168]
GetHandleVerifier [0x003EE207+552695]
GetHandleVerifier [0x003E791A+525834]
Ordinal0 [0x002DB82C+1095724]
Ordinal0 [0x002E636B+1139563]
Ordinal0 [0x002E64D3+1139923]
Ordinal0 [0x002E5455+1135701]
BaseThreadInitThunk [0x75B36359+25]
RtlGetAppContainerNamedObjectPath [0x76EE7B74+228]
RtlGetAppContainerNamedObjectPath [0x76EE7B44+180]

at org.openqa.selenium.remote.W3CHandshakeResponse.lambda$new$0(W3CHandshakeResponse.java:57)
at org.openqa.selenium.remote.W3CHandshakeResponse.lambda$getResponseFunction$2(W3CHandshakeResponse.java:104)
at org.openqa.selenium.remote.ProtocolHandshake.lambda$createSession$24(ProtocolHandshake.java:359)
at java.base/java.util.stream.ReferencePipeline$3$1.accept(ReferencePipeline.java:195)
at java.base/java.util.Spliterators$ArraySpliterator.tryAdvance(Spliterators.java:958)
at java.base/java.util.stream.ReferencePipeline.forEachWithCancel(ReferencePipeline.java:127)
at java.base/java.util.stream.AbstractPipeline.copyIntoWithCancel(AbstractPipeline.java:502)
at java.base/java.util.stream.AbstractPipeline.copyInto(AbstractPipeline.java:488)
at java.base/java.util.stream.AbstractPipeline.wrapAndCopyInto(AbstractPipeline.java:474)
at java.base/java.util.stream.FindOps$FindOp.evaluateSequential(FindOps.java:150)
at java.base/java.util.stream.AbstractPipeline.evaluate(AbstractPipeline.java:234)
at java.base/java.util.stream.ReferencePipeline.findFirst(ReferencePipeline.java:543)
at org.openqa.selenium.remote.ProtocolHandshake.createSession(ProtocolHandshake.java:362)
at org.openqa.selenium.remote.ProtocolHandshake.createSession(ProtocolHandshake.java:136)
at org.openqa.selenium.remote.HttpCommandExecutor.execute(HttpCommandExecutor.java:142)
at org.openqa.selenium.remote.service.DriverCommandExecutor.execute(DriverCommandExecutor.java:83)
at org.openqa.selenium.remote.RemoteWebDriver.execute(RemoteWebDriver.java:586)
at org.openqa.selenium.remote.RemoteWebDriver.startSession(RemoteWebDriver.java:217)
at org.openqa.selenium.remote.RemoteWebDriver.<init>(RemoteWebDriver.java:140)
at org.openqa.selenium.chrome.ChromeDriver.<init>(ChromeDriver.java:181)
at org.openqa.selenium.chrome.ChromeDriver.<init>(ChromeDriver.java:168)
at org.openqa.selenium.chrome.ChromeDriver.<init>(ChromeDriver.java:123)
at tests.TestBase.LaunchDriver(TestBase.java:37)
at java.base/java.util.ArrayList.forEach(ArrayList.java:1507)
... Removed 42 stack frames]]>
    </failure>
  </testcase> <!-- LaunchDriver -->
  <testcase classname="tests.TestLaunch" name="getStarted" time="15.583">
    <failure type="org.openqa.selenium.SessionNotCreatedException" message="session not created
from chrome not reachable
  (Session info: chrome=78.0.3904.108)
Build info: version: &amp;apos;3.6.0&amp;apos;, revision: &amp;apos;6fbf3ec767&amp;apos;, time: &amp;apos;2017-09-27T15:28:36.4Z&amp;apos;
System info: host: &amp;apos;SAGAR-LAPTOP&amp;apos;, ip: &amp;apos;192.168.2.118&amp;apos;, os.name: &amp;apos;Windows 10&amp;apos;, os.arch: &amp;apos;amd64&amp;apos;, os.version: &amp;apos;10.0&amp;apos;, java.version: &amp;apos;13.0.1&amp;apos;
Driver info: driver.version: ChromeDriver
remote stacktrace: Backtrace:
	Ordinal0 [0x0082A923+1550627]
	Ordinal0 [0x007AA731+1025841]
	Ordinal0 [0x0072C5BE+509374]
	Ordinal0 [0x007262F2+484082]
	Ordinal0 [0x007269CB+485835]
	Ordinal0 [0x00727B35+490293]
	Ordinal0 [0x00723AB5+473781]
	Ordinal0 [0x0072D360+512864]
	Ordinal0 [0x006DB649+177737]
	Ordinal0 [0x006DA8ED+174317]
	Ordinal0 [0x006D8CDB+167131]
	Ordinal0 [0x006C144A+70730]
	Ordinal0 [0x006C24D0+74960]
	Ordinal0 [0x006C2469+74857]
	Ordinal0 [0x007C42F7+1131255]
	GetHandleVerifier [0x008C711D+523789]
	GetHandleVerifier [0x008C6EB0+523168]
	GetHandleVerifier [0x008CE207+552695]
	GetHandleVerifier [0x008C791A+525834]
	Ordinal0 [0x007BB82C+1095724]
	Ordinal0 [0x007C636B+1139563]
	Ordinal0 [0x007C64D3+1139923]
	Ordinal0 [0x007C5455+1135701]
	BaseThreadInitThunk [0x75B36359+25]
	RtlGetAppContainerNamedObjectPath [0x76EE7B74+228]
	RtlGetAppContainerNamedObjectPath [0x76EE7B44+180]
">
      <![CDATA[org.openqa.selenium.SessionNotCreatedException: session not created
from chrome not reachable
  (Session info: chrome=78.0.3904.108)
Build info: version: '3.6.0', revision: '6fbf3ec767', time: '2017-09-27T15:28:36.4Z'
System info: host: 'SAGAR-LAPTOP', ip: '192.168.2.118', os.name: 'Windows 10', os.arch: 'amd64', os.version: '10.0', java.version: '13.0.1'
Driver info: driver.version: ChromeDriver
remote stacktrace: Backtrace:
Ordinal0 [0x0082A923+1550627]
Ordinal0 [0x007AA731+1025841]
Ordinal0 [0x0072C5BE+509374]
Ordinal0 [0x007262F2+484082]
Ordinal0 [0x007269CB+485835]
Ordinal0 [0x00727B35+490293]
Ordinal0 [0x00723AB5+473781]
Ordinal0 [0x0072D360+512864]
Ordinal0 [0x006DB649+177737]
Ordinal0 [0x006DA8ED+174317]
Ordinal0 [0x006D8CDB+167131]
Ordinal0 [0x006C144A+70730]
Ordinal0 [0x006C24D0+74960]
Ordinal0 [0x006C2469+74857]
Ordinal0 [0x007C42F7+1131255]
GetHandleVerifier [0x008C711D+523789]
GetHandleVerifier [0x008C6EB0+523168]
GetHandleVerifier [0x008CE207+552695]
GetHandleVerifier [0x008C791A+525834]
Ordinal0 [0x007BB82C+1095724]
Ordinal0 [0x007C636B+1139563]
Ordinal0 [0x007C64D3+1139923]
Ordinal0 [0x007C5455+1135701]
BaseThreadInitThunk [0x75B36359+25]
RtlGetAppContainerNamedObjectPath [0x76EE7B74+228]
RtlGetAppContainerNamedObjectPath [0x76EE7B44+180]

at org.openqa.selenium.remote.W3CHandshakeResponse.lambda$new$0(W3CHandshakeResponse.java:57)
at org.openqa.selenium.remote.W3CHandshakeResponse.lambda$getResponseFunction$2(W3CHandshakeResponse.java:104)
at org.openqa.selenium.remote.ProtocolHandshake.lambda$createSession$24(ProtocolHandshake.java:359)
at java.base/java.util.stream.ReferencePipeline$3$1.accept(ReferencePipeline.java:195)
at java.base/java.util.Spliterators$ArraySpliterator.tryAdvance(Spliterators.java:958)
at java.base/java.util.stream.ReferencePipeline.forEachWithCancel(ReferencePipeline.java:127)
at java.base/java.util.stream.AbstractPipeline.copyIntoWithCancel(AbstractPipeline.java:502)
at java.base/java.util.stream.AbstractPipeline.copyInto(AbstractPipeline.java:488)
at java.base/java.util.stream.AbstractPipeline.wrapAndCopyInto(AbstractPipeline.java:474)
at java.base/java.util.stream.FindOps$FindOp.evaluateSequential(FindOps.java:150)
at java.base/java.util.stream.AbstractPipeline.evaluate(AbstractPipeline.java:234)
at java.base/java.util.stream.ReferencePipeline.findFirst(ReferencePipeline.java:543)
at org.openqa.selenium.remote.ProtocolHandshake.createSession(ProtocolHandshake.java:362)
at org.openqa.selenium.remote.ProtocolHandshake.createSession(ProtocolHandshake.java:136)
at org.openqa.selenium.remote.HttpCommandExecutor.execute(HttpCommandExecutor.java:142)
at org.openqa.selenium.remote.service.DriverCommandExecutor.execute(DriverCommandExecutor.java:83)
at org.openqa.selenium.remote.RemoteWebDriver.execute(RemoteWebDriver.java:586)
at org.openqa.selenium.remote.RemoteWebDriver.startSession(RemoteWebDriver.java:217)
at org.openqa.selenium.remote.RemoteWebDriver.<init>(RemoteWebDriver.java:140)
at org.openqa.selenium.chrome.ChromeDriver.<init>(ChromeDriver.java:181)
at org.openqa.selenium.chrome.ChromeDriver.<init>(ChromeDriver.java:168)
at org.openqa.selenium.chrome.ChromeDriver.<init>(ChromeDriver.java:123)
at tests.TestLaunch.getStarted(TestLaunch.java:13)
at java.base/java.util.ArrayList.forEach(ArrayList.java:1507)
... Removed 42 stack frames]]>
    </failure>
  </testcase> <!-- getStarted -->
</testsuite> <!-- Command line test -->
